获取目录树：zj814704261@gmail.com	Thu Jun 17 2021 14:52:23 GMT+0800 (GMT+08:00)
文件分享	D:\Users\demon\VSCodeProject\cloud-storage\servers\USERDIR\zj814704261@gmail.com\新建文件夹 (2),D:\Users\demon\VSCodeProject\cloud-storage\servers\USERDIR\zj814704261@gmail.com\新建文件夹	asdasd	Thu Jun 17 2021 14:52:28 GMT+0800 (GMT+08:00)
移动文件：	D:\Users\demon\VSCodeProject\cloud-storage\servers\USERDIR\zj814704261@gmail.com\新建文件夹 (2)	D:\Users\demon\VSCodeProject\cloud-storage\servers\USERDIR\zj814704261@gmail.com\aThu Jun 17 2021 14:52:40 GMT+0800 (GMT+08:00)
获取目录树：zj814704261@gmail.com	Thu Jun 17 2021 14:52:40 GMT+0800 (GMT+08:00)
获取目录树：zj814704261@gmail.com	Thu Jun 17 2021 14:52:58 GMT+0800 (GMT+08:00)
上传文件：	D:\Users\demon\VSCodeProject\cloud-storage\servers\USERDIR\zj814704261@gmail.comThu Jun 17 2021 14:54:01 GMT+0800 (GMT+08:00)
获取目录树：zj814704261@gmail.com	Thu Jun 17 2021 14:54:03 GMT+0800 (GMT+08:00)
下载文件：	D:\Users\demon\VSCodeProject\cloud-storage\servers\USERDIR\zj814704261@gmail.com\League of Legends 2021-05-23 18-09-19-297.mp4	Thu Jun 17 2021 14:54:09 GMT+0800 (GMT+08:00)
下载文件：	D:\Users\demon\VSCodeProject\cloud-storage\servers\USERDIR\zj814704261@gmail.com\League of Legends 2021-05-23 18-09-19-297.mp4	Thu Jun 17 2021 14:56:56 GMT+0800 (GMT+08:00)
获取目录树：zj814704261@gmail.com	Thu Jun 17 2021 15:04:21 GMT+0800 (GMT+08:00)
获取目录树：814704261@qq.com	Thu Jun 17 2021 15:17:48 GMT+0800 (GMT+08:00)
获取目录树：814704261@qq.com	Thu Jun 17 2021 15:18:34 GMT+0800 (GMT+08:00)
获取目录树：814704261@qq.com	Thu Jun 17 2021 15:31:33 GMT+0800 (GMT+08:00)
获取目录树：zj814704261@gmail.com	Thu Jun 17 2021 15:31:33 GMT+0800 (GMT+08:00)
获取目录树：zj814704261@gmail.com	Thu Jun 17 2021 15:32:36 GMT+0800 (GMT+08:00)
获取目录树：814704261@qq.com	Thu Jun 17 2021 15:33:24 GMT+0800 (GMT+08:00)
获取目录树：814704261@qq.com	Thu Jun 17 2021 15:33:39 GMT+0800 (GMT+08:00)
获取目录树：zj814704261@gmail.com	Thu Jun 17 2021 15:33:47 GMT+0800 (GMT+08:00)
获取目录树：zj814704261@gmail.com	Thu Jun 17 2021 15:34:51 GMT+0800 (GMT+08:00)
获取目录树：zj814704261@gmail.com	Thu Jun 17 2021 15:35:41 GMT+0800 (GMT+08:00)
获取目录树：zj814704261@gmail.com	Thu Jun 17 2021 15:36:11 GMT+0800 (GMT+08:00)
获取目录树：zj814704261@gmail.com	Thu Jun 17 2021 15:36:54 GMT+0800 (GMT+08:00)
获取目录树：zj814704261@gmail.com	Thu Jun 17 2021 15:47:54 GMT+0800 (GMT+08:00)
获取目录树：zj814704261@gmail.com	Thu Jun 17 2021 15:49:59 GMT+0800 (GMT+08:00)
获取目录树：zj814704261@gmail.com	Thu Jun 17 2021 15:50:37 GMT+0800 (GMT+08:00)
获取目录树：zj814704261@gmail.com	Thu Jun 17 2021 15:57:03 GMT+0800 (GMT+08:00)
获取目录树：zj814704261@gmail.com	Thu Jun 17 2021 16:00:09 GMT+0800 (GMT+08:00)
